"../../../Engine/Content/EditorLandscapeResources/DataLayer.uasset" 0
"../../../Engine/Content/EditorMaterials/GizmoMaterial.uasset" 1
"../../../Engine/Content/EditorMaterials/MAT_Groups_Toggle.uasset" 2
"../../../Engine/Content/EditorMaterials/MAT_Groups_Visibility.uasset" 3
"../../../Engine/Content/EditorMaterials/PreviewShadowIndicator.uasset" 4
"../../../Engine/Content/EditorMaterials/PreviewShadowIndicatorMaterial.uasset" 5
"../../../Engine/Content/EditorMaterials/AssetViewer/EpicQuadPanorama_CC+EV1.uasset" 6
"../../../Engine/Content/EditorMaterials/MatineeGroups/MAT_ColorTrack.uasset" 7
"../../../Engine/Content/EditorMaterials/MatineeGroups/MAT_Groups_Anim.uasset" 8
"../../../Engine/Content/EditorMaterials/MatineeGroups/MAT_Groups_AudioMaster.uasset" 9
"../../../Engine/Content/EditorMaterials/MatineeGroups/MAT_Groups_Director.uasset" 10
"../../../Engine/Content/EditorMaterials/MatineeGroups/MAT_Groups_Event.uasset" 11
"../../../Engine/Content/EditorMaterials/MatineeGroups/MAT_Groups_Fade.uasset" 12
"../../../Engine/Content/EditorMaterials/MatineeGroups/MAT_Groups_Float.uasset" 13
"../../../Engine/Content/EditorMaterials/MatineeGroups/MAT_Groups_Move.uasset" 14
"../../../Engine/Content/EditorMaterials/MatineeGroups/MAT_Groups_Slomo.uasset" 15
"../../../Engine/Content/EditorMaterials/MatineeGroups/MAT_Groups_Sound.uasset" 16
"../../../Engine/Content/EditorMaterials/MatineeGroups/MAT_Groups_Vector.uasset" 17
"../../../Engine/Content/EditorMaterials/ParticleSystems/PSysThumbnail_NoImage.uasset" 18
"../../../Engine/Content/EditorMaterials/ParticleSystems/PSysThumbnail_OOD.uasset" 19
"../../../Engine/Content/EditorMaterials/Camera/CineMat.uasset" 20
"../../../Engine/Content/EditorMaterials/Camera/MI_CineMat_Rig.uasset" 21
"../../../Engine/Content/EditorMeshes/Camera/SM_CraneRig_Arm.uasset" 22
"../../../Engine/Content/EditorMeshes/Camera/SM_CraneRig_Base.uasset" 23
"../../../Engine/Content/EditorMeshes/Camera/SM_CraneRig_Body.uasset" 24
"../../../Engine/Content/EditorMeshes/Camera/SM_CraneRig_Mount.uasset" 25
"../../../Engine/Content/EditorMeshes/Camera/SM_RailRig_Mount.uasset" 26
"../../../Engine/Content/EditorMeshes/Camera/SM_RailRig_Track.uasset" 27
"../../../Engine/Content/EditorResources/BSPVertex.uasset" 28
"../../../Engine/Content/EditorResources/EmptyActor.uasset" 29
"../../../Engine/Content/EditorResources/RGBTable16x1_AssetViewer.uasset" 30
"../../../Engine/Content/EditorResources/S_Actor.uasset" 31
"../../../Engine/Content/EditorResources/S_Trigger.uasset" 32
"../../../Engine/Content/EditorResources/AudioIcons/S_AudioComponent.uasset" 33
"../../../Engine/Content/EditorResources/AudioIcons/S_AudioComponent_AutoActivate.uasset" 34
"../../../Engine/Content/EditorResources/LightIcons/S_LightError.uasset" 35
"../../../Engine/Content/EditorResources/SequenceRecorder/Countdown.uasset" 36
"../../../Engine/Content/EditorResources/SequenceRecorder/RecordingIndicator.uasset" 37
"../../../Engine/Content/EditorSounds/Notifications/CompileFailed.uasset" 38
"../../../Engine/Content/EditorSounds/Notifications/CompileFailed_Cue.uasset" 39
"../../../Engine/Content/EditorSounds/Notifications/CompileSuccess.uasset" 40
"../../../Engine/Content/EditorSounds/Notifications/CompileStart_Cue.uasset" 41
"../../../Engine/Content/EditorSounds/Notifications/CompileSuccess_Cue.uasset" 42
"../../../Engine/Content/EngineDamageTypes/DmgTypeBP_Environmental.uasset" 43
"../../../Engine/Content/EngineDebugMaterials/HeatmapGradient.uasset" 44
"../../../Engine/Content/EngineDebugMaterials/BoneWeightMaterial.uasset" 45
"../../../Engine/Content/EngineDebugMaterials/DebugMeshMaterial.uasset" 46
"../../../Engine/Content/EngineDebugMaterials/GeomMaterial.uasset" 47
"../../../Engine/Content/EngineFonts/Roboto.uasset" 48
"../../../Engine/Content/EngineFonts/RobotoTiny.uasset" 49
"../../../Engine/Content/EngineMaterials/DefaultBokeh.uasset" 50
"../../../Engine/Content/EngineMaterials/DefaultDiffuse.uasset" 51
"../../../Engine/Content/EngineMaterials/DefaultDeferredDecalMaterial.uasset" 52
"../../../Engine/Content/EngineMaterials/DefaultLightFunctionMaterial.uasset" 53
"../../../Engine/Content/EngineMaterials/DefaultPhysicalMaterial.uasset" 54
"../../../Engine/Content/Functions/Engine_MaterialFunctions02/Utility/BreakOutFloat2Components.uasset" 55
"../../../Engine/Content/EngineMaterials/DefaultPostProcessMaterial.uasset" 56
"../../../Engine/Content/EngineFonts/RobotoDistanceField.uasset" 57
"../../../Engine/Content/EngineMaterials/DefaultTextMaterialOpaque.uasset" 58
"../../../Engine/Content/EngineMaterials/DefaultWhiteGrid.uasset" 59
"../../../Engine/Content/EngineMaterials/EditorBrushMaterial.uasset" 60
"../../../Engine/Content/EngineMaterials/Good64x64TilingNoiseHighFreq.uasset" 61
"../../../Engine/Content/EngineMaterials/MiniFont.uasset" 62
"../../../Engine/Content/EngineMaterials/InvalidLightmapSettings.uasset" 63
"../../../Engine/Content/EngineMaterials/M_InvalidLightmapSettings.uasset" 64
"../../../Engine/Content/EngineMaterials/PhAT_JointLimitMaterial.uasset" 65
"../../../Engine/Content/EngineMaterials/PreintegratedSkinBRDF.uasset" 66
"../../../Engine/Content/EngineMaterials/RemoveSurfaceMaterial.uasset" 67
"../../../Engine/Content/EngineMaterials/WeightMapPlaceholderTexture.uasset" 68
"../../../Engine/Content/EngineResources/WhiteSquareTexture.uasset" 69
"../../../Engine/Content/EngineMaterials/Widget3DPassThrough.uasset" 70
"../../../Engine/Content/EngineMaterials/Widget3DPassThrough_Masked.uasset" 71
"../../../Engine/Content/EngineMaterials/Widget3DPassThrough_Opaque.uasset" 72
"../../../Engine/Content/EngineMaterials/Widget3DPassThrough_Masked_OneSided.uasset" 73
"../../../Engine/Content/EngineMaterials/Widget3DPassThrough_Opaque_OneSided.uasset" 74
"../../../Engine/Content/EngineMaterials/Widget3DPassThrough_Translucent.uasset" 75
"../../../Engine/Content/EngineMaterials/Widget3DPassThrough_Translucent_OneSided.uasset" 76
"../../../Engine/Content/Functions/Engine_MaterialFunctions01/Opacity/CameraDepthFade.uasset" 77
"../../../Engine/Content/EngineMaterials/T_Default_Material_Grid_M.uasset" 78
"../../../Engine/Content/EngineMaterials/T_Default_Material_Grid_N.uasset" 79
"../../../Engine/Content/EngineMaterials/DefaultMaterial.uasset" 80
"../../../Engine/Content/EngineMeshes/Cube.uasset" 81
"../../../Engine/Content/EngineMeshes/Cylinder.uasset" 82
"../../../Engine/Content/EngineMeshes/Sphere.uasset" 83
"../../../Engine/Content/EngineResources/AICON-Green.uasset" 84
"../../../Engine/Content/EngineResources/AICON-Red.uasset" 85
"../../../Engine/Content/EngineResources/Black.uasset" 86
"../../../Engine/Content/EngineResources/DefaultTexture.uasset" 87
"../../../Engine/Content/EngineResources/DefaultTextureCube.uasset" 88
"../../../Engine/Content/EngineResources/GradientTexture0.uasset" 89
"../../../Engine/Content/EngineSounds/Master.uasset" 90
"../../../Engine/Content/EngineSounds/MasterSubmix.uasset" 91
"../../../Engine/Content/EngineTireTypes/DefaultTireType.uasset" 92
"../../../Engine/Content/Functions/Engine_MaterialFunctions01/Shading/ConvertFromDiffSpec.uasset" 93
"../../../Engine/Content/Functions/Engine_MaterialFunctions01/Shading/PowerToRoughness.uasset" 94
"../../../Engine/Content/Maps/Templates/Thumbnails/Default.uasset" 95
"../../../Engine/Content/Maps/Templates/Thumbnails/VR-Basic.uasset" 96
"../../../Engine/Content/MobileResources/T_MobileControls_texture.uasset" 97
"../../../Engine/Content/MobileResources/T_MobileMenu2.uasset" 98
"../../../Engine/Content/MobileResources/HUD/AnalogHat.uasset" 99
"../../../Engine/Content/MobileResources/HUD/VirtualJoystick_Background.uasset" 100
"../../../Engine/Content/MobileResources/HUD/VirtualJoystick_Thumb.uasset" 101
"../../../Engine/Content/MobileResources/HUD/DefaultVirtualJoysticks.uasset" 102
"../../../Engine/Content/MobileResources/HUD/LeftVirtualJoystickOnly.uasset" 103
"../../../Engine/Content/MobileResources/HUD/MobileHUDButton1_off.uasset" 104
"../../../Engine/Content/MobileResources/HUD/MobileHUDButton1_on.uasset" 105
"../../../Engine/Content/MobileResources/HUD/MobileHUDButton2_off.uasset" 106
"../../../Engine/Content/MobileResources/HUD/MobileHUDButton2_on.uasset" 107
"../../../Engine/Content/MobileResources/HUD/MobileHUDButton3.uasset" 108
"../../../Engine/Content/MobileResources/HUD/MobileHUDButtonFire.uasset" 109
"../../../Engine/Content/MobileResources/HUD/MobileHUDDirectionPad.uasset" 110
"../../../Engine/Content/MobileResources/HUD/MobileHUDDirectionPad2.uasset" 111
"../../../Engine/Content/MobileResources/HUD/MobileHUDDirectionPad3.uasset" 112
"../../../Engine/Content/MobileResources/HUD/MobileHUDDirectionStick.uasset" 113
"../../../Engine/Content/MobileResources/HUD/T_Castle_ThumbstickInner.uasset" 114
"../../../Engine/Content/MobileResources/HUD/T_Castle_ThumbstickOutter.uasset" 115
"../../../Engine/Content/Tutorial/ContentIntroCurve.uasset" 116
"../../../Engine/Content/Tutorial/Basics/TutorialAssets/icon_tab_Levels_40x.uasset" 117
"../../../Engine/Content/Tutorial/BlueprintTutorials/TutorialAssets/BlueprintInterface_64x.uasset" 118
"../../../Engine/Content/Tutorial/BlueprintTutorials/TutorialAssets/BlueprintMacroLibrary_64x.uasset" 119
"../../../Engine/Content/Tutorial/BlueprintTutorials/TutorialAssets/Blueprint_64x.uasset" 120
"../../../Engine/Content/Tutorial/BlueprintTutorials/TutorialAssets/Tutorial_BP_Interface.uasset" 121
"../../../Engine/Content/Tutorial/Foliage/TutorialAssets/Foliage.uasset" 122
"../../../Engine/Content/Tutorial/Landscape/TutorialAssets/Landscape.uasset" 123
"../../../Engine/Content/Tutorial/Paper2D/TutorialAssets/Paper2DFlipbook_TutorialIcon.uasset" 124
"../../../Engine/Content/Tutorial/Paper2D/TutorialAssets/Paper2DSprite_TutorialIcon.uasset" 125
"../../../Engine/Content/Tutorial/SubEditors/TutorialAssets/icon_Editor_Preferences_General_40x.uasset" 126
"../../../Engine/Content/Tutorial/SubEditors/TutorialAssets/icon_ShowSkeletalMeshes_40x.uasset" 127
"../../../Engine/Content/Tutorial/SubEditors/TutorialAssets/TutorialMaterial.uasset" 128
"../../../Engine/Content/Tutorial/SubEditors/TutorialAssets/T_SmokeSubUV_8X8.uasset" 129
"../../../Engine/Content/Tutorial/SubEditors/TutorialAssets/T_soft_smoke.uasset" 130
"../../../Engine/Content/Tutorial/SubEditors/TutorialAssets/M_smoke_subUV_blackbody.uasset" 131
"../../../Engine/Content/Tutorial/SubEditors/TutorialAssets/TutorialParticleSystem.uasset" 132
"../../../Engine/Content/EngineMaterials/WorldGridMaterial.uasset" 133
"../../../Engine/Content/EditorMeshes/EditorCube.uasset" 134
"../../../Engine/Content/Tutorial/SubEditors/TutorialAssets/Tutorial_DM.uasset" 135
"../../../Engine/Content/VREditor/Devices/Generic/GenericHMDMaterial.uasset" 136
"../../../Engine/Content/VREditor/Devices/Generic/GenericHMD.uasset" 137
"../../../Engine/Content/VREditor/FloatingText/LineMaterial.uasset" 138
"../../../Engine/Content/VREditor/FloatingText/JointSphere.uasset" 139
"../../../Engine/Content/VREditor/FloatingText/LineSegmentCylinder.uasset" 140
"../../../Engine/Content/VREditor/Fonts/VRText_RobotoLarge.uasset" 141
"../../../Engine/Content/VREditor/Fonts/VRTextMaterial.uasset" 142
"../../../Engine/Content/VREditor/Fonts/TranslucentVRTextMaterial.uasset" 143
"../../../Engine/Content/VREditor/LaserPointer/VR_LaserPower_01.uasset" 144
"../../../Engine/Content/VREditor/LaserPointer/LaserPointerMaterial.uasset" 145
"../../../Engine/Content/VREditor/LaserPointer/LaserPointerMaterialInst.uasset" 146
"../../../Engine/Content/VREditor/LaserPointer/TranslucentLaserPointerMaterialInst.uasset" 147
"../../../Engine/Content/VREditor/LaserPointer/LaserPointerMesh.uasset" 148
"../../../Engine/Content/VREditor/Sounds/VR_grab_Cue.uasset" 149
"../../../Engine/Content/VREditor/Sounds/VR_teleport_Cue.uasset" 150
"../../../Engine/Content/VREditor/TransformGizmo/TransformGizmoMaterial.uasset" 151
"../../../Engine/Content/VREditor/TransformGizmo/TranslucentTransformGizmoMaterial.uasset" 152
"../../../Engine/Content/VREditor/TransformGizmo/BoundingBoxCorner.uasset" 153
"../../../Engine/Content/VREditor/TransformGizmo/BoundingBoxEdge.uasset" 154
"../../../Engine/Content/VREditor/TransformGizmo/PlaneTranslationHandle.uasset" 155
"../../../Engine/Content/VREditor/TransformGizmo/RotationHandle.uasset" 156
"../../../Engine/Content/VREditor/TransformGizmo/RotationHandleFull.uasset" 157
"../../../Engine/Content/VREditor/TransformGizmo/StretchingHandle.uasset" 158
"../../../Engine/Content/VREditor/TransformGizmo/TranslateHandleLong.uasset" 159
"../../../Engine/Content/VREditor/TransformGizmo/TranslationHandle.uasset" 160
"../../../Engine/Content/VREditor/TransformGizmo/UniformScaleHandle.uasset" 161
"../../../Engine/Content/VREditor/UI/CloseButtonMesh.uasset" 162
"../../../Engine/Content/VREditor/UI/SelectionBarMesh.uasset" 163
"../../../Engine/Content/Functions/Engine_MaterialFunctions01/Gradient/RadialGradient.uasset" 164
"../../../Engine/Content/VREditor/WorldMovementGrid/SimpleGrid.uasset" 165
"../../../Engine/Content/VREditor/WorldMovementGrid/GridMaterial.uasset" 166
"../../../Engine/Content/Functions/Engine_MaterialFunctions01/Density/ExponentialDensity.uasset" 167
"../../../Engine/Content/VREditor/WorldMovementGrid/GridPostProcess.uasset" 168
"../../../Engine/Content/EditorLandscapeResources/FlattenHeightMat.uasset" 169
"../../../Engine/Content/VREditor/WorldMovementGrid/PlaneMesh.uasset" 170
"../../../Engine/Content/EditorBlueprintResources/StandardMacros.uasset" 171
"../../../Engine/Plugins/2D/Paper2D/Content/PlaceholderTextures/DummySpriteTexture.uasset" 172
"../../../Engine/Plugins/2D/Paper2D/Content/PlaceholderTextures/FlatNormalMap.uasset" 173
"../../../Engine/Plugins/2D/Paper2D/Content/DefaultLitSpriteMaterial.uasset" 174
"../../../Engine/Plugins/2D/Paper2D/Content/MaskedLitSpriteMaterial.uasset" 175
"../../../Lift/Content/cloudSwirl.uasset" 176
"../../../Lift/Content/cloudSprite.uasset" 177
"../../../Lift/Content/cloudSprite_Blueprint.uasset" 178
"../../../Lift/Content/OLDContent/Mannequin/Character/Mesh/UE4_Mannequin_Skeleton.uasset" 179
"../../../Lift/Content/OLDContent/Mannequin/Animations/ThirdPerson_Jump.uasset" 180
"../../../Lift/Content/OLDContent/Mannequin/Animations/ThirdPersonJump_Loop.uasset" 181
"../../../Lift/Content/OLDContent/Mannequin/Animations/ThirdPersonJump_Start.uasset" 182
"../../../Lift/Content/OLDContent/Mannequin/Animations/ThirdPersonIdle.uasset" 183
"../../../Lift/Content/StarterContent/Audio/footstepLeft_Cue.uasset" 184
"../../../Lift/Content/StarterContent/Audio/footstepRight_Cue.uasset" 185
"../../../Lift/Content/OLDContent/Mannequin/Animations/ThirdPersonRun.uasset" 186
"../../../Lift/Content/OLDContent/Mannequin/Animations/ThirdPersonWalk.uasset" 187
"../../../Lift/Content/OLDContent/Mannequin/Animations/ThirdPerson_IdleRun_2D.uasset" 188
"../../../Lift/Content/OLDContent/Mannequin/Animations/ThirdPerson_AnimBP.uasset" 189
"../../../Lift/Content/PlayerModel/BootFix/boots_fix_1_Skeleton.uasset" 190
"../../../Lift/Content/PlayerModel/Anims_5_29/Falling_Armature_ArmatureAction.uasset" 191
"../../../Lift/Content/PlayerModel/Anims_5_29/Jump_Armature_ArmatureAction.uasset" 192
"../../../Lift/Content/PlayerModel/Anims_5_29/MoivngBackwards.uasset" 193
"../../../Lift/Content/PlayerModel/Anims_5_29/MoivngForward.uasset" 194
"../../../Lift/Content/PlayerModel/Anims_5_29/MovingToLeft_improved.uasset" 195
"../../../Lift/Content/PlayerModel/Anims_5_29/MovingToRight_improved.uasset" 196
"../../../Lift/Content/PlayerModel/BootFix/NewAnimBlueprint.uasset" 197
"../../../Engine/Content/EngineSky/C_Sky_Cloud_Color.uasset" 198
"../../../Engine/Content/EngineSky/C_Sky_Horizon_Color.uasset" 199
"../../../Engine/Content/EngineSky/C_Sky_Zenith_Color.uasset" 200
"../../../Engine/Content/EngineSky/T_Sky_Blue.uasset" 201
"../../../Engine/Content/EngineSky/T_Sky_Clouds_M.uasset" 202
"../../../Engine/Content/EngineSky/T_Sky_Stars.uasset" 203
"../../../Engine/Content/EngineSky/M_Sky_Panning_Clouds2.uasset" 204
"../../../Engine/Content/EngineSky/SM_SkySphere.uasset" 205
"../../../Engine/Content/EngineSky/BP_Sky_Sphere.uasset" 206
"../../../Lift/Content/Menu/CustomGameInstance.uasset" 207
"../../../Engine/Content/BasicShapes/BasicShapeMaterial.uasset" 208
"../../../Engine/Content/BasicShapes/Cylinder.uasset" 209
"../../../Engine/Content/Functions/Engine_MaterialFunctions02/ExampleContent/Textures/smoothNormalSphere.uasset" 210
"../../../Lift/Content/OLDContent/ExampleContent/Effects/Textures/T_Smoke_Tiled_D.uasset" 211
"../../../Lift/Content/OLDContent/ExampleContent/Effects/Textures/T_SmokeSubUV_8X8.uasset" 212
"../../../Lift/Content/OLDContent/ExampleContent/Effects/Materials/M_cloud_lit.uasset" 213
"../../../Lift/Content/OLDContent/ExampleContent/Effects/ParticleSystems/P_cloud_2.uasset" 214
"../../../Lift/Content/SmallCloud.uasset" 215
"../../../Lift/Content/ThirdPersonBP/Blueprints/Finish/InnerRing.uasset" 216
"../../../Lift/Content/ThirdPersonBP/Blueprints/Finish/InnerRing_Mat.uasset" 217
"../../../Lift/Content/ThirdPersonBP/Blueprints/Finish/OuterRing.uasset" 218
"../../../Lift/Content/ThirdPersonBP/Blueprints/Finish/OuterRing_Mat.uasset" 219
"../../../Lift/Content/Syncopate.uasset" 220
"../../../Lift/Content/ThirdPersonBP/Blueprints/TimerWidget.uasset" 221
"../../../Lift/Content/ThirdPersonBP/Blueprints/TimerHUD.uasset" 222
"../../../Lift/Content/Tutorial/TutorialWidget.uasset" 223
"../../../Lift/Content/ScoreScreen/SSUI.uasset" 224
"../../../Lift/Content/StarterContent/Props/MaterialSphere.uasset" 225
"../../../Lift/Content/ThirdPersonBP/Blueprints/Finish/FinishBillboardBP.uasset" 226
"../../../Lift/Content/Tutorial/right_bumper.uasset" 227
"../../../Lift/Content/Tutorial/right_bumper_Mat.uasset" 228
"../../../Lift/Content/Tutorial/right_trigger.uasset" 229
"../../../Lift/Content/Tutorial/right_trigger_Mat.uasset" 230
"../../../Lift/Content/Tutorial/RecoveryButtonDisplayArea.uasset" 231
"../../../Engine/Content/BasicShapes/Cone.uasset" 232
"../../../Engine/Content/BasicShapes/Sphere.uasset" 233
"../../../Lift/Content/Tutorial/TutorialState.uasset" 234
"../../../Lift/Content/ThirdPersonBP/Blueprints/LevelTool.uasset" 235
"../../../Lift/Content/PlayerModel/Sucess/Group1/Material_008.uasset" 236
"../../../Engine/Content/BasicShapes/Cube.uasset" 237
"../../../Lift/Content/RecoveryBox.uasset" 238
"../../../Lift/Content/RecoveryCloud.uasset" 239
"../../../Lift/Content/ThirdPersonBP/Blueprints/CloudPoint.uasset" 240
"../../../Lift/Content/cloudPoof.uasset" 241
"../../../Lift/Content/ThirdPersonBP/Blueprints/SpeedLines.uasset" 242
"../../../Lift/Content/ThirdPersonBP/Blueprints/SpeedLinesBP.uasset" 243
"../../../Lift/Content/White.uasset" 244
"../../../Lift/Content/ThirdPersonBP/Blueprints/WaveMesh.uasset" 245
"../../../Lift/Content/ThirdPersonBP/Blueprints/WaveGenerator.uasset" 246
"../../../Lift/Content/Tutorial/a_button.uasset" 247
"../../../Lift/Content/Tutorial/a_button_Mat.uasset" 248
"../../../Lift/Content/Tutorial/TutorialObject.uasset" 249
"../../../Lift/Content/ThirdPersonBP/Blueprints/EaseInCurve.uasset" 250
"../../../Lift/Content/ThirdPersonBP/Blueprints/EaseInEaseOutCurve.uasset" 251
"../../../Lift/Content/ThirdPersonBP/Blueprints/EaseOutCurve.uasset" 252
"../../../Lift/Content/ThirdPersonBP/Blueprints/LinearCurve.uasset" 253
"../../../Lift/Content/BrightGreen.uasset" 254
"../../../Lift/Content/Tutorial/left_stick.uasset" 255
"../../../Lift/Content/Tutorial/left_stick_Mat.uasset" 256
"../../../Lift/Content/Tutorial/left_trigger.uasset" 257
"../../../Lift/Content/Tutorial/left_trigger_Mat.uasset" 258
"../../../Lift/Content/Tutorial/right_stick.uasset" 259
"../../../Lift/Content/Tutorial/right_stick_Mat.uasset" 260
"../../../Lift/Content/Tutorial/select_button.uasset" 261
"../../../Lift/Content/Tutorial/select_button_Mat.uasset" 262
"../../../Engine/Content/Functions/Engine_MaterialFunctions02/Utility/VectorLength.uasset" 263
"../../../Engine/Content/Functions/Engine_MaterialFunctions01/Gradient/BoxMask-2D.uasset" 264
"../../../Engine/Content/Functions/Engine_MaterialFunctions01/Gradient/BoxMask-3D.uasset" 265
"../../../Engine/Content/Functions/Engine_MaterialFunctions02/ObjectLocalBounds.uasset" 266
"../../../Engine/Content/Functions/Engine_MaterialFunctions02/Utility/MakeFloat3.uasset" 267
"../../../Engine/Content/Functions/Engine_MaterialFunctions02/WorldPositionOffset/LocalPosition.uasset" 268
"../../../Lift/Content/BoostMat.uasset" 269
"../../../Lift/Content/BoostDyMat.uasset" 270
"../../../Lift/Content/ScreenTear/speed_lines_2_1.uasset" 271
"../../../Lift/Content/ScreenTear/speed_lines_2_2.uasset" 272
"../../../Lift/Content/ScreenTear/speed_lines_2_3.uasset" 273
"../../../Lift/Content/ScreenTear/ScreenTearMat.uasset" 274
"../../../Lift/Content/ScreenTear/ScreenTearMat_Inst.uasset" 275
"../../../Lift/Content/StarterContent/Audio/BackgroundSoundMix.uasset" 276
"../../../Lift/Content/StarterContent/Audio/BackgroundMusicSoundClass.uasset" 277
"../../../Lift/Content/BGMs/MainBGMCue.uasset" 278
"../../../Lift/Content/BoostVisual/OpaqueFireMat.uasset" 279
"../../../Lift/Content/BoostVisual/BoostFirePS.uasset" 280
"../../../Lift/Content/BoostVisual/BoostFirePS2.uasset" 281
"../../../Lift/Content/BoostVisual/black_circle.uasset" 282
"../../../Lift/Content/Smoke.uasset" 283
"../../../Lift/Content/BoostVisual/BoostParticleSystem.uasset" 284
"../../../Lift/Content/PlayerModel/Board2/Material_022.uasset" 285
"../../../Lift/Content/PlayerModel/Board2/Material_023.uasset" 286
"../../../Lift/Content/PlayerModel/Board2/Material_024.uasset" 287
"../../../Lift/Content/PlayerModel/Board2/Material_025.uasset" 288
"../../../Lift/Content/PlayerModel/Board2/board_PhysicsAsset.uasset" 289
"../../../Lift/Content/PlayerModel/Board2/board_Skeleton.uasset" 290
"../../../Lift/Content/PlayerModel/Board2/board.uasset" 291
"../../../Lift/Content/PlayerModel/BootFix/face.uasset" 292
"../../../Lift/Content/PlayerModel/BootFix/jacket.uasset" 293
"../../../Lift/Content/PlayerModel/BootFix/Material_001.uasset" 294
"../../../Lift/Content/PlayerModel/BootFix/Material_002.uasset" 295
"../../../Lift/Content/PlayerModel/BootFix/Material_003.uasset" 296
"../../../Lift/Content/PlayerModel/BootFix/Material_005.uasset" 297
"../../../Lift/Content/PlayerModel/BootFix/Material_006.uasset" 298
"../../../Lift/Content/PlayerModel/BootFix/Material_007.uasset" 299
"../../../Lift/Content/PlayerModel/BootFix/Material_008.uasset" 300
"../../../Lift/Content/PlayerModel/BootFix/Material_009.uasset" 301
"../../../Lift/Content/PlayerModel/BootFix/Material_010.uasset" 302
"../../../Lift/Content/PlayerModel/BootFix/Material_011.uasset" 303
"../../../Lift/Content/PlayerModel/BootFix/Material_012.uasset" 304
"../../../Lift/Content/PlayerModel/BootFix/Material_013.uasset" 305
"../../../Lift/Content/PlayerModel/BootFix/Material_014.uasset" 306
"../../../Lift/Content/PlayerModel/BootFix/Material_015.uasset" 307
"../../../Lift/Content/PlayerModel/BootFix/Material_016.uasset" 308
"../../../Lift/Content/PlayerModel/BootFix/Material_017.uasset" 309
"../../../Lift/Content/PlayerModel/BootFix/pants.uasset" 310
"../../../Lift/Content/PlayerModel/BootFix/boots_fix_1_PhysicsAsset.uasset" 311
"../../../Lift/Content/PlayerModel/BootFix/boots_fix_1.uasset" 312
"../../../Lift/Content/StarterContent/Audio/boostChargeCue.uasset" 313
"../../../Lift/Content/StarterContent/Audio/cloudLanding_Cue.uasset" 314
"../../../Lift/Content/StarterContent/Audio/landing_Cue.uasset" 315
"../../../Lift/Content/StarterContent/Audio/poof_Cue.uasset" 316
"../../../Lift/Content/StarterContent/Audio/rocketBoost_Cue.uasset" 317
"../../../Lift/Content/StarterContent/Audio/surfWind_Cue.uasset" 318
"../../../Lift/Content/StarterContent/Materials/M_Basic_Wall.uasset" 319
"../../../Lift/Content/StarterContent/Shapes/Shape_Cylinder.uasset" 320
"../../../Lift/Content/ThirdPersonBP/Blueprints/EaseType.uasset" 321
"../../../Lift/Content/Trailer/Material_022.uasset" 322
"../../../Lift/Content/Trailer/Material_023.uasset" 323
"../../../Lift/Content/Trailer/Material_025.uasset" 324
"../../../Engine/Content/MapTemplates/Sky/DaylightAmbientCubemap.uasset" 325
"../../../Lift/Content/StarterContent/Blueprints/Assets/M_LightStage_Skybox_Master.uasset" 326
"../../../Lift/Content/StarterContent/Blueprints/Assets/M_LightStage_Skybox_Black.uasset" 327
"../../../Lift/Content/Trailer/modified_board.uasset" 328
"../../../Lift/Content/Tutorial/NewIcons/a.uasset" 329
"../../../Lift/Content/Tutorial/NewIcons/boost.uasset" 330
"../../../Lift/Content/Tutorial/NewIcons/brake.uasset" 331
"../../../Lift/Content/Tutorial/NewIcons/right_shoulder.uasset" 332
"../../../Lift/Content/Tutorial/select.uasset" 333
"../../../Lift/Content/ThirdPersonBP/Blueprints/ThirdPersonCharacter.uasset" 334
"../../../Lift/Content/ThirdPersonBP/Blueprints/CloudSphere.uasset" 335
"../../../Engine/Content/Functions/Engine_MaterialFunctions01/Volumetrics/BeersLaw.uasset" 336
"../../../Engine/Content/Functions/Engine_MaterialFunctions02/Math/TimeWithSpeedVariable.uasset" 337
"../../../Lift/Content/CloudVisuals/NoiseRenderTarget_Tex10.uasset" 338
"../../../Lift/Content/CloudVisuals/NoiseRenderTarget_Tex4.uasset" 339
"../../../Lift/Content/CloudVisuals/NoiseRenderTarget_Tex6.uasset" 340
"../../../Lift/Content/CloudVisuals/NoiseRenderTarget_Tex9.uasset" 341
"../../../Lift/Content/CloudVisuals/CloudNoiseMat.uasset" 342
"../../../Lift/Content/ThirdPersonBP/Blueprints/DynCloudNoise.uasset" 343
"../../../Lift/Content/ThirdPersonBP/Blueprints/ProceduralCloud.uasset" 344
"../../../Lift/Content/ThirdPersonBP/Blueprints/Path.uasset" 345
"../../../Lift/Content/CloudPiece.uasset" 346
"../../../Lift/Content/C_Sky_Cloud_Color.uasset" 347
"../../../Lift/Content/C_Sky_Horizon_Color.uasset" 348
"../../../Lift/Content/C_Sky_Zenith_Color.uasset" 349
"../../../Lift/Content/SkyboxClouds.uasset" 350
"../../../Lift/Content/SkyboxClouds0.uasset" 351
"../../../Lift/Content/SkyboxClouds1.uasset" 352
"../../../Lift/Content/CustomSkyMaterial.uasset" 353
"../../../Lift/Content/SM_SkySphere.uasset" 354
"../../../Lift/Content/CustomSkybox.uasset" 355
"../../../Lift/Content/face.uasset" 356
"../../../Lift/Content/Aqua.uasset" 357
"../../../Lift/Content/Aqua_002.uasset" 358
"../../../Lift/Content/DarkGrass.uasset" 359
"../../../Lift/Content/DarkGreen.uasset" 360
"../../../Lift/Content/Dirt.uasset" 361
"../../../Lift/Content/Grass.uasset" 362
"../../../Lift/Content/GreenDirt.uasset" 363
"../../../Lift/Content/LightTrunk.uasset" 364
"../../../Lift/Content/LtGreen.uasset" 365
"../../../Lift/Content/MediumGrass.uasset" 366
"../../../Lift/Content/Snow.uasset" 367
"../../../Lift/Content/Teal.uasset" 368
"../../../Lift/Content/Trunk.uasset" 369
"../../../Lift/Content/Trunk_000.uasset" 370
"../../../Lift/Content/Trunk_001.uasset" 371
"../../../Lift/Content/Turquoise.uasset" 372
"../../../Lift/Content/gamemap2.uasset" 373
"../../../Lift/Content/Lift_2_v1_Cue.uasset" 374
"../../../Lift/Content/map1.uasset" 375
"../../../Lift/Content/Material_001.uasset" 376
"../../../Lift/Content/Material_002.uasset" 377
"../../../Lift/Content/Material_003.uasset" 378
"../../../Lift/Content/Material_004.uasset" 379
"../../../Lift/Content/Material_005.uasset" 380
"../../../Lift/Content/Material_006.uasset" 381
"../../../Lift/Content/Material_007.uasset" 382
"../../../Lift/Content/Material_008.uasset" 383
"../../../Lift/Content/Material_009.uasset" 384
"../../../Lift/Content/Material_010.uasset" 385
"../../../Lift/Content/Material_011.uasset" 386
"../../../Lift/Content/Material_012.uasset" 387
"../../../Lift/Content/Material_013.uasset" 388
"../../../Lift/Content/Material_014.uasset" 389
"../../../Lift/Content/Material_015.uasset" 390
"../../../Lift/Content/Material_016.uasset" 391
"../../../Lift/Content/Material_017.uasset" 392
"../../../Lift/Content/M_Sky_Panning_Clouds2_Inst.uasset" 393
"../../../Lift/Content/Syncopate-Bold.uasset" 394
"../../../Lift/Content/Syncopate-Regular.uasset" 395
"../../../Lift/Content/DarkDirt.uasset" 396
"../../../Lift/Content/treelessmap.uasset" 397
"../../../Lift/Content/BGMs/BGMCue.uasset" 398
"../../../Lift/Content/BoostVisual/black_circle_Mat.uasset" 399
"../../../Lift/Content/BoostVisual/triangle.uasset" 400
"../../../Lift/Content/BoostVisual/boost_fire_mat.uasset" 401
"../../../Engine/Content/EngineMaterials/EmissiveTexturedMaterial.uasset" 402
"../../../Engine/Content/EngineMeshes/ParticleCube.uasset" 403
"../../../Lift/Content/BoostVisual/FireMeshPS.uasset" 404
"../../../Lift/Content/BoostVisual/high_poly_cylinder.uasset" 405
"../../../Lift/Content/CloudVisuals/BoostVisualMat.uasset" 406
"../../../Lift/Content/BoostVisual/high_poly_cylinder_2.uasset" 407
"../../../Lift/Content/BoostVisual/OLD_boost_fire_mat.uasset" 408
"../../../Lift/Content/BoostVisual/OpaqueFirePS.uasset" 409
"../../../Lift/Content/CloudVisuals/checkerboard.uasset" 410
"../../../Lift/Content/CloudVisuals/checkerboard_mat.uasset" 411
"../../../Lift/Content/CloudVisuals/CloudTraversal.uasset" 412
"../../../Lift/Content/CloudVisuals/CloudManager.uasset" 413
"../../../Engine/Content/Functions/Engine_MaterialFunctions01/ImageAdjustment/BlurSampleOffsets.uasset" 414
"../../../Engine/Content/Functions/Engine_MaterialFunctions01/ImageAdjustment/HighPassTexture.uasset" 415
"../../../Lift/Content/CloudVisuals/HighPassMat.uasset" 416
"../../../Lift/Content/CloudVisuals/NoiseMat.uasset" 417
"../../../Engine/Content/Functions/Engine_MaterialFunctions03/Procedurals/NormalFromHeightmap.uasset" 418
"../../../Lift/Content/CloudVisuals/NormalMapBake.uasset" 419
"../../../Lift/Content/CloudVisuals/NoiseRenderTarget.uasset" 420
"../../../Lift/Content/CloudVisuals/NoiseMatBlueprint.uasset" 421
"../../../Lift/Content/CloudVisuals/NoiseRenderTarget_Tex.uasset" 422
"../../../Lift/Content/CloudVisuals/NoiseRenderTarget_Tex2.uasset" 423
"../../../Lift/Content/CloudVisuals/NoiseRenderTarget_Tex3.uasset" 424
"../../../Lift/Content/CloudVisuals/NoiseRenderTarget_Tex5.uasset" 425
"../../../Lift/Content/CloudVisuals/NoiseRenderTarget_Tex7.uasset" 426
"../../../Lift/Content/CloudVisuals/NoiseRenderTarget_Tex8.uasset" 427
"../../../Engine/Content/EngineMaterials/OrientParticle.uasset" 428
"../../../Engine/Content/EngineMaterials/DefaultParticle.uasset" 429
"../../../Lift/Content/Contrail/Contrail.uasset" 430
"../../../Lift/Content/Geometry/Meshes/CubeMaterial.uasset" 431
"../../../Lift/Content/Geometry/Meshes/1M_Cube.uasset" 432
"../../../Lift/Content/Geometry/Meshes/1M_Cube_Chamfer.uasset" 433
"../../../Lift/Content/LoadingExample/EXAMPLELoadEnum.uasset" 434
"../../../Lift/Content/LoadingExample/EXAMPLELoader.uasset" 435
"../../../Lift/Content/LoadingScreen/loading.uasset" 436
"../../../Lift/Content/Map/Black.uasset" 437
"../../../Lift/Content/Map/DarkDirt.uasset" 438
"../../../Lift/Content/Map/DarkGrass.uasset" 439
"../../../Lift/Content/Map/Dirt.uasset" 440
"../../../Lift/Content/Map/Grass.uasset" 441
"../../../Lift/Content/Map/GreenDirt.uasset" 442
"../../../Lift/Content/Map/MediumGrass.uasset" 443
"../../../Lift/Content/Map/Snow.uasset" 444
"../../../Lift/Content/Map/map2_no_trees.uasset" 445
"../../../Lift/Content/Map/TreeData.uasset" 446
"../../../Lift/Content/Map/TreeAnimationManager.uasset" 447
"../../../Lift/Content/Map/BAD/Aqua.uasset" 448
"../../../Lift/Content/Map/BAD/Aqua_002.uasset" 449
"../../../Lift/Content/Map/BAD/BrightGreen.uasset" 450
"../../../Lift/Content/Map/BAD/DarkGreen.uasset" 451
"../../../Lift/Content/Map/BAD/LightTrunk.uasset" 452
"../../../Lift/Content/Map/BAD/LtGreen.uasset" 453
"../../../Lift/Content/Map/BAD/Teal.uasset" 454
"../../../Lift/Content/Map/BAD/Trunk.uasset" 455
"../../../Lift/Content/Map/BAD/Trunk_000.uasset" 456
"../../../Lift/Content/Map/BAD/Trunk_001.uasset" 457
"../../../Lift/Content/Map/BAD/Turquoise.uasset" 458
"../../../Lift/Content/Map/BAD/TreeOne.uasset" 459
"../../../Lift/Content/Map/TerrainOne/DarkGrass.uasset" 460
"../../../Lift/Content/Map/TerrainOne/Dirt.uasset" 461
"../../../Lift/Content/Map/TerrainOne/Grass.uasset" 462
"../../../Lift/Content/Map/TerrainOne/GreenDirt.uasset" 463
"../../../Lift/Content/Map/TerrainOne/MediumGrass.uasset" 464
"../../../Lift/Content/Map/TerrainOne/Snow.uasset" 465
"../../../Lift/Content/Map/TerrainOne/TerrainOne.uasset" 466
"../../../Lift/Content/Map/TreeFour/Aqua.uasset" 467
"../../../Lift/Content/Map/TreeFour/LightTrunk.uasset" 468
"../../../Lift/Content/Map/TreeFour/TreeFour.uasset" 469
"../../../Lift/Content/Map/TreeFour/TreeFour_Blueprint.uasset" 470
"../../../Lift/Content/Map/TreeThree/Teal.uasset" 471
"../../../Lift/Content/Map/TreeThree/Trunk.uasset" 472
"../../../Lift/Content/Map/TreeThree/Turquoise.uasset" 473
"../../../Lift/Content/Map/TreeThree/TreeThree.uasset" 474
"../../../Lift/Content/Map/TreeThree/TreeThree_Blueprint.uasset" 475
"../../../Lift/Content/Map/TreeTwo/DarkGreen.uasset" 476
"../../../Lift/Content/Map/TreeTwo/LtGreen.uasset" 477
"../../../Lift/Content/Map/TreeTwo/Trunk_000.uasset" 478
"../../../Lift/Content/Map/TreeTwo/TreeTwo.uasset" 479
"../../../Lift/Content/Map/TreeTwo/TreeTwo_Blueprint.uasset" 480
"../../../Lift/Content/Map/UNUSED/Teal.uasset" 481
"../../../Lift/Content/Map/UNUSED/Trunk.uasset" 482
"../../../Lift/Content/Map/UNUSED/Turquoise.uasset" 483
"../../../Lift/Content/Map/UNUSED/TreeThree.uasset" 484
"../../../Lift/Content/Cloud.uasset" 485
"../../../Lift/Content/OLDContent/OLD_LevelCreation.uasset" 486
"../../../Engine/Content/Functions/Engine_MaterialFunctions02/Utility/BlendAngleCorrectedNormals.uasset" 487
"../../../Engine/Content/Functions/MaterialLayerFunctions/MatLayerBlend_NormalBlend.uasset" 488
"../../../Engine/Content/Functions/MaterialLayerFunctions/MatLayerBlend_Simple.uasset" 489
"../../../Lift/Content/OLDContent/Mannequin/Character/Materials/MaterialLayers/T_ML_Rubber_Blue_01_D.uasset" 490
"../../../Lift/Content/OLDContent/Mannequin/Character/Materials/MaterialLayers/T_ML_Rubber_Blue_01_N.uasset" 491
"../../../Lift/Content/OLDContent/Mannequin/Character/Materials/MaterialLayers/ML_GlossyBlack_Latex_UE4.uasset" 492
"../../../Lift/Content/OLDContent/Mannequin/Character/Materials/MaterialLayers/ML_Plastic_Shiny_Beige.uasset" 493
"../../../Lift/Content/OLDContent/Mannequin/Character/Textures/UE4_LOGO_CARD.uasset" 494
"../../../Lift/Content/OLDContent/Mannequin/Character/Materials/MaterialLayers/ML_Plastic_Shiny_Beige_LOGO.uasset" 495
"../../../Lift/Content/OLDContent/Mannequin/Character/Materials/MaterialLayers/T_ML_Aluminum01.uasset" 496
"../../../Lift/Content/OLDContent/Mannequin/Character/Materials/MaterialLayers/T_ML_Aluminum01_N.uasset" 497
"../../../Lift/Content/OLDContent/Mannequin/Character/Materials/MaterialLayers/ML_SoftMetal_UE4.uasset" 498
"../../../Lift/Content/OLDContent/Mannequin/Character/Textures/UE4_Mannequin__normals.uasset" 499
"../../../Lift/Content/OLDContent/Mannequin/Character/Textures/UE4_Mannequin_MAT_MASKA.uasset" 500
"../../../Lift/Content/OLDContent/Mannequin/Character/Materials/M_UE4Man_Body.uasset" 501
"../../../Lift/Content/OLDContent/Mannequin/Character/Textures/UE4Man_Logo_N.uasset" 502
"../../../Lift/Content/OLDContent/Mannequin/Character/Materials/M_UE4Man_ChestLogo.uasset" 503
"../../../Lift/Content/OLDContent/Mannequin/Character/Mesh/SK_Mannequin_PhysicsAsset.uasset" 504
"../../../Lift/Content/OLDContent/Mannequin/Character/Mesh/SK_Mannequin.uasset" 505
"../../../Lift/Content/StarterContent/Textures/T_Smoke_SubUV.uasset" 506
"../../../Lift/Content/StarterContent/Textures/T_Smoke_Tiled_D.uasset" 507
"../../../Lift/Content/StarterContent/Particles/Materials/M_smoke_subUV.uasset" 508
"../../../Lift/Content/P_Smoke2.uasset" 509
"../../../Lift/Content/OLDContent/FirstPersonCharacter.uasset" 510
"../../../Lift/Content/OLDContent/LvlCreate.uasset" 511
"../../../Lift/Content/OLDContent/Material_004.uasset" 512
"../../../Lift/Content/OLDContent/NeutralSurfing_version_OneMesh_working_Skeleton.uasset" 513
"../../../Lift/Content/OLDContent/NeutralSurfing_version_OneMesh_working_Anim_Armature_ArmatureAction.uasset" 514
"../../../Lift/Content/OLDContent/NeutralSurfing_version_OneMesh_working_Anim_Armature_CubeAction_001.uasset" 515
"../../../Lift/Content/OLDContent/NeutralSurfing_version_OneMesh_working_Anim_Cube_CubeAction_001.uasset" 516
"../../../Lift/Content/StarterContent/Textures/T_Perlin_Noise_M.uasset" 517
"../../../Lift/Content/StarterContent/Textures/T_Water_M.uasset" 518
"../../../Lift/Content/StarterContent/Textures/T_Water_N.uasset" 519
"../../../Lift/Content/StarterContent/Materials/M_Water_Ocean.uasset" 520
"../../../Lift/Content/OLDContent/OLD_ProceduralCloud.uasset" 521
"../../../Lift/Content/OLDContent/pants2.uasset" 522
"../../../Lift/Content/OLDContent/pants_001.uasset" 523
"../../../Lift/Content/OLDContent/recent.uasset" 524
"../../../Lift/Content/OLDContent/ROCKING_FORWARD1_Armature_ArmatureAction_001.uasset" 525
"../../../Lift/Content/OLDContent/ROCKING_FORWARD1_Armature_CubeAction_001.uasset" 526
"../../../Lift/Content/OLDContent/ThirdPersonGameMode.uasset" 527
"../../../Lift/Content/OLDContent/VRCharacter.uasset" 528
"../../../Lift/Content/OLDContent/VRGameMode.uasset" 529
"../../../Lift/Content/PlayerModel/Sucess/Group1/Material_018.uasset" 530
"../../../Lift/Content/PlayerModel/Sucess/Group1/Material_019.uasset" 531
"../../../Lift/Content/PlayerModel/Sucess/Group1/Material_020.uasset" 532
"../../../Lift/Content/PlayerModel/Sucess/Group1/Material_021.uasset" 533
"../../../Lift/Content/PlayerModel/Sucess/Group1/board_PhysicsAsset.uasset" 534
"../../../Lift/Content/PlayerModel/Sucess/Group1/board_Skeleton.uasset" 535
"../../../Lift/Content/PlayerModel/Sucess/Group1/board.uasset" 536
"../../../Lift/Content/PlayerModel/Sucess/Group1/face.uasset" 537
"../../../Lift/Content/PlayerModel/Sucess/Group1/jacket.uasset" 538
"../../../Lift/Content/PlayerModel/Sucess/Group1/Material_001.uasset" 539
"../../../Lift/Content/PlayerModel/Sucess/Group1/Material_002.uasset" 540
"../../../Lift/Content/PlayerModel/Sucess/Group1/Material_003.uasset" 541
"../../../Lift/Content/PlayerModel/Sucess/Group1/Material_005.uasset" 542
"../../../Lift/Content/PlayerModel/Sucess/Group1/Material_006.uasset" 543
"../../../Lift/Content/PlayerModel/Sucess/Group1/Material_007.uasset" 544
"../../../Lift/Content/PlayerModel/Sucess/Group1/Material_009.uasset" 545
"../../../Lift/Content/PlayerModel/Sucess/Group1/Material_010.uasset" 546
"../../../Lift/Content/PlayerModel/Sucess/Group1/Material_011.uasset" 547
"../../../Lift/Content/PlayerModel/Sucess/Group1/Material_012.uasset" 548
"../../../Lift/Content/PlayerModel/Sucess/Group1/Material_013.uasset" 549
"../../../Lift/Content/PlayerModel/Sucess/Group1/Material_014.uasset" 550
"../../../Lift/Content/PlayerModel/Sucess/Group1/Material_015.uasset" 551
"../../../Lift/Content/PlayerModel/Sucess/Group1/Material_016.uasset" 552
"../../../Lift/Content/PlayerModel/Sucess/Group1/Material_017.uasset" 553
"../../../Lift/Content/PlayerModel/Sucess/Group1/pants.uasset" 554
"../../../Lift/Content/PlayerModel/Sucess/Group1/Rocking_left_working_PhysicsAsset.uasset" 555
"../../../Lift/Content/PlayerModel/Sucess/Group1/skeleton.uasset" 556
"../../../Lift/Content/PlayerModel/Sucess/Group1/Rocking_left_working.uasset" 557
"../../../Lift/Content/OLDContent/Character/Character.uasset" 558
"../../../Lift/Content/OLDContent/CloudTextureTemp/checkerboard.uasset" 559
"../../../Lift/Content/OLDContent/CloudTextureTemp/checkerboard_mat.uasset" 560
"../../../Lift/Content/OLDContent/Mannequin/Animations/ThirdPersonJump_End.uasset" 561
"../../../Lift/Content/PlayerModel/Anims_5_29/Falling_Armature_CubeAction_001.uasset" 562
"../../../Lift/Content/PlayerModel/Anims_5_29/Jump_Armature_CubeAction.uasset" 563
"../../../Lift/Content/PlayerModel/Anims_5_29/MovingToLeft.uasset" 564
"../../../Lift/Content/PlayerModel/Anims_5_29/MovingToRight.uasset" 565
"../../../Lift/Content/PlayerModel/Board/Material_022.uasset" 566
"../../../Lift/Content/PlayerModel/Board/Material_023.uasset" 567
"../../../Lift/Content/PlayerModel/Board/Material_024.uasset" 568
"../../../Lift/Content/PlayerModel/Board/Material_025.uasset" 569
"../../../Lift/Content/PlayerModel/Board/board.uasset" 570
"../../../Lift/Content/PlayerModel/Board/Material_026.uasset" 571
"../../../Lift/Content/PlayerModel/Board2/Material_026.uasset" 572
"../../../Lift/Content/PlayerModel/BootFix/boots_fix_1_Anim.uasset" 573
"../../../Lift/Content/PlayerModel/BootFix/Material_004.uasset" 574
"../../../Lift/Content/PlayerModel/BootFix/Neutral_2.uasset" 575
"../../../Lift/Content/PlayerModel/BootFix/pants2.uasset" 576
"../../../Lift/Content/PlayerModel/BootFix/pants_001.uasset" 577
"../../../Lift/Content/PlayerModel/Sucess/BootsFix/boots_fix_1_Skeleton.uasset" 578
"../../../Lift/Content/PlayerModel/Sucess/BootsFix/Neutral_2.uasset" 579
"../../../Lift/Content/PlayerModel/Sucess/BootsFix/AnimBlueprint2.uasset" 580
"../../../Lift/Content/PlayerModel/Sucess/BootsFix/Material_004.uasset" 581
"../../../Lift/Content/PlayerModel/Sucess/BootsFix/pants2.uasset" 582
"../../../Lift/Content/PlayerModel/Sucess/BootsFix/pants_001.uasset" 583
"../../../Lift/Content/PlayerModel/Sucess/Group1/ROCKING_Backwards_working.uasset" 584
"../../../Lift/Content/PlayerModel/Sucess/Group1/ROCKING_FORWARD_working_Armature_ArmatureAction_001.uasset" 585
"../../../Lift/Content/PlayerModel/Sucess/Group1/Rocking_left_working_Anim.uasset" 586
"../../../Lift/Content/PlayerModel/Sucess/Group1/Rocking_right_working.uasset" 587
"../../../Lift/Content/PlayerModel/Sucess/Group1/anim_bp_normal.uasset" 588
"../../../Lift/Content/PlayerModel/Sucess/Group1/Material_004.uasset" 589
"../../../Lift/Content/PlayerModel/Sucess/Group1/Material_022.uasset" 590
"../../../Lift/Content/PlayerModel/Sucess/Group1/NeutralSurfing_version_OneMesh_working__1__Armature_ArmatureAction.uasset" 591
"../../../Lift/Content/PlayerModel/Sucess/Group1/NeutralSurfing_version_OneMesh_working__1__Armature_CubeAction_001.uasset" 592
"../../../Lift/Content/PlayerModel/Sucess/Group1/pants2.uasset" 593
"../../../Lift/Content/PlayerModel/Sucess/Group1/pants_001.uasset" 594
"../../../Lift/Content/PlayerModel/Sucess/Group1/ROCKING_FORWARD_working_Armature_CubeAction_001.uasset" 595
"../../../Lift/Content/ScoreScreen/ScoreCalc.uasset" 596
"../../../Lift/Content/ScreenFade/ScreenFadeInSequence.uasset" 597
"../../../Lift/Content/ScreenFade/ScreenFadeOutSequence.uasset" 598
"../../../Lift/Content/ScreenTear/speed_lines_1.uasset" 599
"../../../Lift/Content/ScreenTear/speed_lines_2.uasset" 600
"../../../Lift/Content/ScreenTear/speed_lines_2_4.uasset" 601
"../../../Lift/Content/ScreenTear/speed_lines_3.uasset" 602
"../../../Lift/Content/ScreenTear/speed_lines_4.uasset" 603
"../../../Lift/Content/ScreenTear/speed_lines_export_3.uasset" 604
"../../../Lift/Content/ScreenTear/speed_lines_export_4.uasset" 605
"../../../Lift/Content/ScreenTear/speed_lines_redux.uasset" 606
"../../../Lift/Content/ScreenTear/transparency_test.uasset" 607
"../../../Lift/Content/StarterContent/Architecture/Pillar_50x500.uasset" 608
"../../../Lift/Content/StarterContent/Architecture/Wall_400x300.uasset" 609
"../../../Lift/Content/StarterContent/Architecture/Wall_400x400.uasset" 610
"../../../Lift/Content/StarterContent/Architecture/Wall_500x500.uasset" 611
"../../../Lift/Content/StarterContent/Architecture/Wall_Door_400x400.uasset" 612
"../../../Lift/Content/StarterContent/Architecture/Wall_Window_400x400.uasset" 613
"../../../Lift/Content/StarterContent/Audio/boost_Cue.uasset" 614
"../../../Lift/Content/StarterContent/Audio/clothRustling_Cue.uasset" 615
"../../../Lift/Content/StarterContent/Audio/clothWaving_Cue.uasset" 616
"../../../Lift/Content/StarterContent/Audio/clothWoosh.uasset" 617
"../../../Lift/Content/StarterContent/Audio/cloudBoostShorter_Cue.uasset" 618
"../../../Lift/Content/StarterContent/Audio/cloudJumpCue.uasset" 619
"../../../Lift/Content/StarterContent/Audio/deathSound_Cue.uasset" 620
"../../../Lift/Content/StarterContent/Audio/deepGongTrimmed.uasset" 621
"../../../Lift/Content/StarterContent/Audio/elec1_Cue.uasset" 622
"../../../Lift/Content/StarterContent/Audio/elec2_Cue.uasset" 623
"../../../Lift/Content/StarterContent/Audio/ghost_Cue.uasset" 624
"../../../Lift/Content/StarterContent/Audio/grunt_Cue.uasset" 625
"../../../Lift/Content/StarterContent/Audio/jump_Cue.uasset" 626
"../../../Lift/Content/StarterContent/Audio/landing.uasset" 627
"../../../Lift/Content/StarterContent/Audio/landing2.uasset" 628
"../../../Lift/Content/StarterContent/Audio/landingGrunt2.uasset" 629
"../../../Lift/Content/StarterContent/Audio/Light01_Cue.uasset" 630
"../../../Lift/Content/StarterContent/Audio/Light02_Cue.uasset" 631
"../../../Lift/Content/StarterContent/Audio/malejump_Cue.uasset" 632
"../../../Lift/Content/StarterContent/Audio/score_Cue.uasset" 633
"../../../Lift/Content/StarterContent/Audio/success_Cue.uasset" 634
"../../../Lift/Content/StarterContent/Audio/wind_Cue.uasset" 635
"../../../Lift/Content/StarterContent/Audio/Explosion_Cue.uasset" 636
"../../../Lift/Content/StarterContent/Textures/T_Burst_M.uasset" 637
"../../../Lift/Content/StarterContent/Particles/Materials/M_Burst.uasset" 638
"../../../Lift/Content/StarterContent/Textures/T_Explosion_SubUV.uasset" 639
"../../../Lift/Content/StarterContent/Particles/Materials/M_explosion_subUV.uasset" 640
"../../../Lift/Content/StarterContent/Particles/Materials/m_flare_01.uasset" 641
"../../../Lift/Content/StarterContent/Particles/Materials/M_radial_ramp.uasset" 642
"../../../Lift/Content/StarterContent/Particles/P_Explosion.uasset" 643
"../../../Lift/Content/StarterContent/Blueprints/Blueprint_Effect_Explosion.uasset" 644
"../../../Engine/Content/EditorMeshes/ColorCalibrator/T_ColorGrid.uasset" 645
"../../../Lift/Content/StarterContent/Materials/M_ColorGrid_LowSpec.uasset" 646
"../../../Lift/Content/StarterContent/Textures/T_Bush_D.uasset" 647
"../../../Lift/Content/StarterContent/Textures/T_Bush_N.uasset" 648
"../../../Lift/Content/StarterContent/Props/Materials/M_Bush.uasset" 649
"../../../Lift/Content/StarterContent/Props/SM_Bush.uasset" 650
"../../../Lift/Content/StarterContent/Textures/T_Chair_M.uasset" 651
"../../../Lift/Content/StarterContent/Textures/T_Chair_N.uasset" 652
"../../../Lift/Content/StarterContent/Props/Materials/M_Chair.uasset" 653
"../../../Lift/Content/StarterContent/Props/SM_Couch.uasset" 654
"../../../Lift/Content/StarterContent/Materials/M_Glass.uasset" 655
"../../../Lift/Content/StarterContent/Textures/T_Door_M.uasset" 656
"../../../Lift/Content/StarterContent/Textures/T_Door_N.uasset" 657
"../../../Lift/Content/StarterContent/Props/Materials/M_Door.uasset" 658
"../../../Lift/Content/StarterContent/Props/SM_Door.uasset" 659
"../../../Lift/Content/StarterContent/Props/Materials/M_MaterialSphere.uasset" 660
"../../../Lift/Content/StarterContent/Props/Materials/M_MaterialSphere_Plain.uasset" 661
"../../../Lift/Content/StarterContent/Props/SM_MatPreviewMesh_02.uasset" 662
"../../../Lift/Content/StarterContent/Textures/T_Detail_Rocky_N.uasset" 663
"../../../Lift/Content/StarterContent/Textures/T_Rock_Basalt_D.uasset" 664
"../../../Lift/Content/StarterContent/Textures/T_RockMesh_M.uasset" 665
"../../../Lift/Content/StarterContent/Textures/T_RockMesh_N.uasset" 666
"../../../Lift/Content/StarterContent/Props/Materials/M_Rock.uasset" 667
"../../../Lift/Content/StarterContent/Props/SM_Rock.uasset" 668
"../../../Lift/Content/StarterContent/Textures/T_Shelf_M.uasset" 669
"../../../Lift/Content/StarterContent/Textures/T_Shelf_N.uasset" 670
"../../../Lift/Content/StarterContent/Props/Materials/M_Shelf.uasset" 671
"../../../Lift/Content/StarterContent/Props/SM_Shelf.uasset" 672
"../../../Lift/Content/StarterContent/Materials/M_Basic_Floor.uasset" 673
"../../../Lift/Content/StarterContent/Props/SM_Stairs.uasset" 674
"../../../Lift/Content/StarterContent/Shapes/Shape_Cone.uasset" 675
"../../../Lift/Content/StarterContent/Shapes/Shape_NarrowCapsule.uasset" 676
"../../../Lift/Content/StarterContent/Shapes/Shape_Pipe.uasset" 677
"../../../Lift/Content/StarterContent/Shapes/Shape_Pipe_180.uasset" 678
"../../../Lift/Content/StarterContent/Shapes/Shape_Pipe_90.uasset" 679
"../../../Lift/Content/StarterContent/Shapes/Shape_Plane.uasset" 680
"../../../Lift/Content/StarterContent/Shapes/Shape_Torus.uasset" 681
"../../../Lift/Content/StarterContent/Shapes/Shape_Trim.uasset" 682
"../../../Lift/Content/StarterContent/Shapes/Shape_Trim_90_In.uasset" 683
"../../../Lift/Content/StarterContent/Shapes/Shape_Trim_90_Out.uasset" 684
"../../../Lift/Content/StarterContent/Shapes/Shape_TriPyramid.uasset" 685
"../../../Lift/Content/StarterContent/Shapes/Shape_Tube.uasset" 686
"../../../Lift/Content/StarterContent/Shapes/Shape_Wedge_A.uasset" 687
"../../../Lift/Content/StarterContent/Shapes/Shape_Wedge_B.uasset" 688
"../../../Lift/Content/StarterContent/Shapes/Shape_WideCapsule.uasset" 689
"../../../Lift/Content/ThirdPersonBP/Blueprints/test_circle.uasset" 690
"../../../Lift/Content/ThirdPersonBP/Blueprints/BoostTrailMat.uasset" 691
"../../../Lift/Content/ThirdPersonBP/Blueprints/BoostTrail.uasset" 692
"../../../Lift/Content/ThirdPersonBP/Blueprints/InvertEaseIn.uasset" 693
"../../../Lift/Content/ThirdPersonBP/Blueprints/InvertEaseInEaseOut.uasset" 694
"../../../Lift/Content/ThirdPersonBP/Blueprints/InvertEaseOut.uasset" 695
"../../../Lift/Content/ThirdPersonBP/Blueprints/ActionShots/ScreenShotCamera.uasset" 696
"../../../Lift/Content/ThirdPersonBP/Blueprints/ActionShots/CameraPoint.uasset" 697
"../../../Lift/Content/ThirdPersonBP/Blueprints/Beam/BeamMaterial.uasset" 698
"../../../Lift/Content/ThirdPersonBP/Blueprints/Beam/Beam.uasset" 699
"../../../Lift/Content/ThirdPersonBP/Blueprints/Boid/SimpleAnimationBoidSkeleton.uasset" 700
"../../../Lift/Content/ThirdPersonBP/Blueprints/Boid/SimpleAnimationBoid_Anim_Armature_ArmatureAction.uasset" 701
"../../../Lift/Content/ThirdPersonBP/Blueprints/Finish/Black.uasset" 702
"../../../Lift/Content/ThirdPersonBP/Blueprints/Finish/FinishPC.uasset" 703
"../../../Lift/Content/ThirdPersonBP/Blueprints/Finish/FinishMaterial.uasset" 704
"../../../Lift/Content/ThirdPersonBP/Blueprints/Finish/Gold.uasset" 705
"../../../Lift/Content/ThirdPersonBP/Blueprints/Finish/taurus.uasset" 706
"../../../Lift/Content/ThirdPersonBP/Blueprints/Finish/FinishPlatformV2_Blueprint.uasset" 707
"../../../Lift/Content/ThirdPersonBP/Blueprints/Finish/FinishPlatformV2_PhysicsAsset.uasset" 708
"../../../Lift/Content/ThirdPersonBP/Blueprints/Finish/FinishPlatformV2_Skeleton.uasset" 709
"../../../Lift/Content/ThirdPersonBP/Blueprints/Finish/Metal.uasset" 710
"../../../Lift/Content/ThirdPersonBP/Blueprints/Finish/White.uasset" 711
"../../../Lift/Content/Trailer/01___Default.uasset" 712
"../../../Lift/Content/Trailer/DarkGrass.uasset" 713
"../../../Lift/Content/Trailer/Dirt.uasset" 714
"../../../Lift/Content/Trailer/Grass.uasset" 715
"../../../Lift/Content/Trailer/GreenDirt.uasset" 716
"../../../Lift/Content/Trailer/MediumGrass.uasset" 717
"../../../Lift/Content/Trailer/Snow.uasset" 718
"../../../Lift/Content/Trailer/map1.uasset" 719
"../../../Lift/Content/Trailer/Material.uasset" 720
"../../../Lift/Content/Trailer/Material_018.uasset" 721
"../../../Lift/Content/Trailer/Material_019.uasset" 722
"../../../Lift/Content/Trailer/Material_024.uasset" 723
"../../../Lift/Content/Trailer/Material_026.uasset" 724
"../../../Lift/Content/Trailer/put_headphones_on_2.uasset" 725
"../../../Lift/Content/Trailer/headphones.uasset" 726
"../../../Lift/Content/Trailer/TrailerCharacter.uasset" 727
"../../../Lift/Content/Trailer/NewLevelSequence.uasset" 728
"../../../Lift/Content/Trailer/PickUpSequence.uasset" 729
"../../../Lift/Content/Trailer/pick_up.uasset" 730
"../../../Lift/Content/Trailer/put_headphones_on.uasset" 731
"../../../Lift/Content/Trailer/rock.uasset" 732
"../../../Lift/Content/Tutorial/b_button.uasset" 733
"../../../Lift/Content/Tutorial/b_button_Mat.uasset" 734
"../../../Engine/Plugins/2D/Paper2D/Content/DummySprite.uasset" 735
"../../../Engine/Plugins/2D/Paper2D/Content/DefaultPaperTerrainMaterial.uasset" 736
"../../../Engine/Plugins/2D/Paper2D/Content/DefaultSpriteMaterial.uasset" 737
"../../../Engine/Plugins/2D/Paper2D/Content/MaskedUnlitSpriteMaterial.uasset" 738
"../../../Engine/Plugins/2D/Paper2D/Content/OpaqueUnlitSpriteMaterial.uasset" 739
"../../../Lift/Content/M_Sky_Panning_Clouds2.uasset" 740
"../../../Lift/Content/BP_Sky_Sphere.uasset" 741
"../../../Lift/Content/LoadingScreen/LoadingMaterialParameters.uasset" 742
"../../../Lift/Content/LoadingScreen/loading_test_text.uasset" 743
"../../../Lift/Content/LoadingScreen/TESTLodaingMat.uasset" 744
"../../../Lift/Content/LoadingScreen/TESTLodaingMat_Inst.uasset" 745
"../../../Lift/Content/LoadingScreen/LoadScreen.uasset" 746
"../../../Lift/Content/LoadingScreen/LoadLevel.uasset" 747
"../../../Lift/Content/Map/TreeOne/Aqua_002.uasset" 748
"../../../Lift/Content/Map/TreeOne/BrightGreen.uasset" 749
"../../../Lift/Content/Map/TreeOne/Trunk_001.uasset" 750
"../../../Lift/Content/Map/TreeOne/TreeOne.uasset" 751
"../../../Lift/Content/Map/TreeOne/TreeOne_Blueprint.uasset" 752
"../../../Lift/Content/Material.uasset" 753
"../../../Lift/Content/gamemapnew.uasset" 754
"../../../Lift/Content/map1_Blueprint.uasset" 755
"../../../Lift/Content/ThirdPersonBP/Blueprints/Boid/FlyAnimation.uasset" 756
"../../../Lift/Content/ThirdPersonBP/Blueprints/Boid/Bluish.uasset" 757
"../../../Lift/Content/ThirdPersonBP/Blueprints/Boid/SimpleAnimationBoid_PhysicsAsset.uasset" 758
"../../../Lift/Content/ThirdPersonBP/Blueprints/Boid/SimpleAnimationBoid.uasset" 759
"../../../Lift/Content/ThirdPersonBP/Blueprints/Boid/BoidBP.uasset" 760
"../../../Lift/Content/ThirdPersonBP/Blueprints/Boid/FlockBP.uasset" 761
"../../../Lift/Content/TreesMap_BuiltData.uasset" 762
"../../../Lift/Content/CLUT.uasset" 763
"../../../Lift/Content/CelShade.uasset" 764
"../../../Lift/Content/LineRender.uasset" 765
"../../../Lift/Content/LineRender_Inst.uasset" 766
"../../../Lift/Content/ThirdPersonBP/Blueprints/Base/PP_OutlineColored.uasset" 767
"../../../Lift/Content/ThirdPersonBP/Blueprints/Base/PPI_OutlineColored.uasset" 768
"../../../Lift/Content/StarterContent/Audio/LiftBackground_Cue.uasset" 769
"../../../Lift/Content/TreesMap.umap" 770
"../../../Lift/Content/OutofBounds.uasset" 771
"../../../Lift/Content/DemoMap_BuiltData.uasset" 772
"../../../Lift/Content/DemoMap.umap" 773
"../../../Lift/Content/DemoMap2.umap" 774
"../../../Lift/Content/DemoMap3_BuiltData.uasset" 775
"../../../Lift/Content/DemoMap3.umap" 776
"../../../Lift/Content/Tutorial/ForceLevel.uasset" 777
"../../../Lift/Content/EasyMap.umap" 778
"../../../Lift/Content/Trailer/cam.uasset" 779
"../../../Lift/Content/ThirdPersonBP/Blueprints/CustomGameMode.uasset" 780
"../../../Engine/Content/MapTemplates/SM_Template_Map_Floor.uasset" 781
"../../../Lift/Content/FlockTestMap.umap" 782
"../../../Lift/Content/MidMap.umap" 783
"../../../Engine/Content/Maps/Entry.umap" 784
"../../../Lift/Content/Black.uasset" 785
"../../../Lift/Content/GreenLight.uasset" 786
"../../../Lift/Content/Metal.uasset" 787
"../../../Lift/Content/FinishPlatform.uasset" 788
"../../../Lift/Content/TutorialMap.umap" 789
"../../../Lift/Content/Menu/MenuMap_BuiltData.uasset" 790
"../../../Lift/Content/Menu/TickCue.uasset" 791
"../../../Lift/Content/Menu/TickLightCue.uasset" 792
"../../../Lift/Content/Menu/LevelSelectUI.uasset" 793
"../../../Lift/Content/Menu/MainUI.uasset" 794
"../../../Lift/Content/Menu/SettingsUI.uasset" 795
"../../../Lift/Content/BGMs/MenuBGMCue.uasset" 796
"../../../Lift/Content/Menu/SplashFade.uasset" 797
"../../../Lift/Content/Menu/SplashUI.uasset" 798
"../../../Lift/Content/Menu/TransitionCue.uasset" 799
"../../../Lift/Content/Menu/MenuMap.umap" 800
"../../../Lift/Content/StarterContent/Blueprints/Assets/FogBrightnessLUT.uasset" 801
"../../../Lift/Content/StarterContent/Blueprints/Assets/SunlightColorLUT.uasset" 802
"../../../Lift/Content/StarterContent/Blueprints/Assets/M_LightStage_Arrows.uasset" 803
"../../../Lift/Content/StarterContent/Blueprints/Assets/M_LightStage_Skybox_HDRI.uasset" 804
"../../../Engine/Content/EditorMaterials/Thumbnails/SkySphereMaterial.uasset" 805
"../../../Lift/Content/StarterContent/Blueprints/Assets/Skybox.uasset" 806
"../../../Lift/Content/StarterContent/Blueprints/Assets/SM_Arrows.uasset" 807
"../../../Lift/Content/StarterContent/HDRI/HDRI_Epic_Courtyard_Daylight.uasset" 808
"../../../Lift/Content/StarterContent/Blueprints/BP_LightStudio.uasset" 809
"../../../Lift/Content/StarterContent/Materials/M_AssetPlatform.uasset" 810
"../../../Engine/Content/EditorMeshes/ColorCalibrator/M_ChromeBall.uasset" 811
"../../../Engine/Content/EditorMeshes/ColorCalibrator/M_ClearCoat.uasset" 812
"../../../Engine/Content/EditorMeshes/ColorCalibrator/M_ClearCoatBlack.uasset" 813
"../../../Engine/Content/EditorMeshes/ColorCalibrator/M_ColorGrid.uasset" 814
"../../../Engine/Content/EditorMeshes/ColorCalibrator/M_GreyBall.uasset" 815
"../../../Engine/Content/EditorMeshes/ColorCalibrator/SM_ColorCalibrator.uasset" 816
"../../../Lift/Content/StarterContent/Architecture/SM_AssetPlatform.uasset" 817
"../../../Lift/Content/StarterContent/Maps/Advanced_Lighting.umap" 818
"../../../Lift/Content/StarterContent/Textures/T_MacroVariation.uasset" 819
"../../../Lift/Content/StarterContent/Materials/M_Metal_Brushed_Nickel.uasset" 820
"../../../Lift/Content/StarterContent/Textures/T_Metal_Aluminum_D.uasset" 821
"../../../Lift/Content/StarterContent/Textures/T_Metal_Gold_N.uasset" 822
"../../../Lift/Content/StarterContent/Materials/M_Metal_Burnished_Steel.uasset" 823
"../../../Lift/Content/StarterContent/Textures/T_Metal_Copper_D.uasset" 824
"../../../Lift/Content/StarterContent/Materials/M_Metal_Copper.uasset" 825
"../../../Lift/Content/StarterContent/Textures/T_Statue_M.uasset" 826
"../../../Lift/Content/StarterContent/Textures/T_Statue_N.uasset" 827
"../../../Lift/Content/StarterContent/Props/Materials/M_StatueGlass.uasset" 828
"../../../Lift/Content/StarterContent/Architecture/Floor_400x400.uasset" 829
"../../../Lift/Content/StarterContent/Audio/Starter_Background_Cue.uasset" 830
"../../../Lift/Content/StarterContent/Props/SM_Chair.uasset" 831
"../../../Lift/Content/StarterContent/Props/Materials/M_Statue.uasset" 832
"../../../Lift/Content/StarterContent/Props/SM_Statue.uasset" 833
"../../../Lift/Content/StarterContent/Textures/T_TableRound_M.uasset" 834
"../../../Lift/Content/StarterContent/Textures/T_TableRound_N.uasset" 835
"../../../Lift/Content/StarterContent/Props/Materials/M_TableRound.uasset" 836
"../../../Lift/Content/StarterContent/Props/SM_TableRound.uasset" 837
"../../../Lift/Content/StarterContent/Maps/Minimal_Default.umap" 838
"../../../Lift/Content/StarterContent/Audio/Fire01_Cue.uasset" 839
"../../../Lift/Content/StarterContent/Textures/T_Fire_SubUV.uasset" 840
"../../../Lift/Content/StarterContent/Textures/T_Fire_Tiled_D.uasset" 841
"../../../Lift/Content/StarterContent/Particles/Materials/M_Fire_SubUV.uasset" 842
"../../../Lift/Content/StarterContent/Particles/Materials/M_Heat_Distortion.uasset" 843
"../../../Lift/Content/StarterContent/Particles/Materials/M_Radial_Gradient.uasset" 844
"../../../Lift/Content/StarterContent/Particles/P_Fire.uasset" 845
"../../../Lift/Content/StarterContent/Blueprints/Blueprint_Effect_Fire.uasset" 846
"../../../Lift/Content/StarterContent/Audio/Smoke01_Cue.uasset" 847
"../../../Lift/Content/StarterContent/Particles/P_Smoke.uasset" 848
"../../../Lift/Content/StarterContent/Blueprints/Blueprint_Effect_Smoke.uasset" 849
"../../../Lift/Content/StarterContent/Audio/Fire_Sparks01_Cue.uasset" 850
"../../../Lift/Content/StarterContent/Textures/T_Spark_Core.uasset" 851
"../../../Lift/Content/StarterContent/Particles/Materials/M_Spark.uasset" 852
"../../../Lift/Content/StarterContent/Particles/P_Sparks.uasset" 853
"../../../Lift/Content/StarterContent/Blueprints/Blueprint_Effect_Sparks.uasset" 854
"../../../Lift/Content/StarterContent/Audio/Steam01_Cue.uasset" 855
"../../../Lift/Content/StarterContent/Particles/P_Steam_Lit.uasset" 856
"../../../Lift/Content/StarterContent/Blueprints/Blueprint_Effect_Steam.uasset" 857
"../../../Lift/Content/StarterContent/Textures/T_Lamp_M.uasset" 858
"../../../Lift/Content/StarterContent/Textures/T_Lamp_N.uasset" 859
"../../../Lift/Content/StarterContent/Props/Materials/M_Lamp.uasset" 860
"../../../Lift/Content/StarterContent/Props/SM_Lamp_Ceiling.uasset" 861
"../../../Lift/Content/StarterContent/Blueprints/Blueprint_CeilingLight.uasset" 862
"../../../Lift/Content/StarterContent/Props/SM_Lamp_Wall.uasset" 863
"../../../Lift/Content/StarterContent/Blueprints/Blueprint_WallSconce.uasset" 864
"../../../Engine/Content/Functions/Engine_MaterialFunctions03/Procedurals/ComputeFilterWidth.uasset" 865
"../../../Engine/Content/EngineMaterials/AntiAliasedTextMaterialTranslucent.uasset" 866
"../../../Lift/Content/StarterContent/Textures/T_Brick_Clay_Beveled_D.uasset" 867
"../../../Lift/Content/StarterContent/Textures/T_Brick_Clay_Beveled_M.uasset" 868
"../../../Lift/Content/StarterContent/Textures/T_Brick_Clay_Beveled_N.uasset" 869
"../../../Lift/Content/StarterContent/Materials/M_Brick_Clay_Beveled.uasset" 870
"../../../Lift/Content/StarterContent/Textures/T_Brick_Clay_New_D.uasset" 871
"../../../Lift/Content/StarterContent/Textures/T_Brick_Clay_New_M.uasset" 872
"../../../Lift/Content/StarterContent/Textures/T_Brick_Clay_New_N.uasset" 873
"../../../Lift/Content/StarterContent/Materials/M_Brick_Clay_New.uasset" 874
"../../../Lift/Content/StarterContent/Textures/T_Brick_Clay_Old_D.uasset" 875
"../../../Lift/Content/StarterContent/Textures/T_Brick_Clay_Old_N.uasset" 876
"../../../Lift/Content/StarterContent/Materials/M_Brick_Clay_Old.uasset" 877
"../../../Lift/Content/StarterContent/Textures/T_Brick_Cut_Stone_D.uasset" 878
"../../../Lift/Content/StarterContent/Textures/T_Brick_Cut_Stone_N.uasset" 879
"../../../Lift/Content/StarterContent/Materials/M_Brick_Cut_Stone.uasset" 880
"../../../Lift/Content/StarterContent/Textures/T_Brick_Hewn_Stone_D.uasset" 881
"../../../Lift/Content/StarterContent/Textures/T_Brick_Hewn_Stone_M.uasset" 882
"../../../Lift/Content/StarterContent/Textures/T_Brick_Hewn_Stone_N.uasset" 883
"../../../Lift/Content/StarterContent/Materials/M_Brick_Hewn_Stone.uasset" 884
"../../../Lift/Content/StarterContent/Textures/T_Ceramic_Tile_M.uasset" 885
"../../../Lift/Content/StarterContent/Textures/T_Ceramic_Tile_N.uasset" 886
"../../../Lift/Content/StarterContent/Textures/T_Rock_Marble_Polished_D.uasset" 887
"../../../Lift/Content/StarterContent/Materials/M_Ceramic_Tile_Checker.uasset" 888
"../../../Lift/Content/StarterContent/Textures/T_CobbleStone_Pebble_D.uasset" 889
"../../../Lift/Content/StarterContent/Textures/T_CobbleStone_Pebble_M.uasset" 890
"../../../Lift/Content/StarterContent/Textures/T_CobbleStone_Pebble_N.uasset" 891
"../../../Lift/Content/StarterContent/Materials/M_CobbleStone_Pebble.uasset" 892
"../../../Lift/Content/StarterContent/Textures/T_CobbleStone_Rough_D.uasset" 893
"../../../Lift/Content/StarterContent/Textures/T_CobbleStone_Rough_N.uasset" 894
"../../../Lift/Content/StarterContent/Textures/T_Gradinet_01.uasset" 895
"../../../Lift/Content/StarterContent/Textures/T_Rock_Smooth_Granite_D.uasset" 896
"../../../Lift/Content/StarterContent/Materials/M_CobbleStone_Rough.uasset" 897
"../../../Lift/Content/StarterContent/Textures/T_CobbleStone_Smooth_D.uasset" 898
"../../../Lift/Content/StarterContent/Textures/T_CobbleStone_Smooth_M.uasset" 899
"../../../Lift/Content/StarterContent/Textures/T_CobbleStone_Smooth_N.uasset" 900
"../../../Lift/Content/StarterContent/Materials/M_CobbleStone_Smooth.uasset" 901
"../../../Lift/Content/StarterContent/Textures/T_Concrete_Grime_D.uasset" 902
"../../../Lift/Content/StarterContent/Textures/T_Metal_Rust_N.uasset" 903
"../../../Lift/Content/StarterContent/Materials/M_Concrete_Grime.uasset" 904
"../../../Lift/Content/StarterContent/Textures/T_Concrete_Panels_D.uasset" 905
"../../../Lift/Content/StarterContent/Textures/T_Concrete_Panels_N.uasset" 906
"../../../Lift/Content/StarterContent/Materials/M_Concrete_Panels.uasset" 907
"../../../Lift/Content/StarterContent/Textures/T_Concrete_Poured_D.uasset" 908
"../../../Lift/Content/StarterContent/Textures/T_Concrete_Poured_N.uasset" 909
"../../../Lift/Content/StarterContent/Materials/M_Concrete_Poured.uasset" 910
"../../../Lift/Content/StarterContent/Textures/T_Concrete_Tiles_D.uasset" 911
"../../../Lift/Content/StarterContent/Textures/T_Concrete_Tiles_M.uasset" 912
"../../../Lift/Content/StarterContent/Textures/T_Concrete_Tiles_N.uasset" 913
"../../../Lift/Content/StarterContent/Textures/T_Concrete_Tiles_Variation_M.uasset" 914
"../../../Lift/Content/StarterContent/Materials/M_Concrete_Tiles.uasset" 915
"../../../Lift/Content/StarterContent/Textures/T_Ground_Grass_D.uasset" 916
"../../../Lift/Content/StarterContent/Textures/T_Ground_Grass_N.uasset" 917
"../../../Lift/Content/StarterContent/Materials/M_Ground_Grass.uasset" 918
"../../../Lift/Content/StarterContent/Textures/T_Ground_Gravel_D.uasset" 919
"../../../Lift/Content/StarterContent/Textures/T_Ground_Gravel_N.uasset" 920
"../../../Lift/Content/StarterContent/Materials/M_Ground_Gravel.uasset" 921
"../../../Lift/Content/StarterContent/Textures/T_ground_Moss_D.uasset" 922
"../../../Lift/Content/StarterContent/Textures/T_Ground_Moss_N.uasset" 923
"../../../Lift/Content/StarterContent/Materials/M_Ground_Moss.uasset" 924
"../../../Lift/Content/StarterContent/Materials/M_Metal_Chrome.uasset" 925
"../../../Lift/Content/StarterContent/Textures/T_Metal_Gold_D.uasset" 926
"../../../Lift/Content/StarterContent/Materials/M_Metal_Gold.uasset" 927
"../../../Lift/Content/StarterContent/Textures/T_Metal_Rust_D.uasset" 928
"../../../Lift/Content/StarterContent/Materials/M_Metal_Rust.uasset" 929
"../../../Lift/Content/StarterContent/Textures/T_Metal_Steel_D.uasset" 930
"../../../Lift/Content/StarterContent/Textures/T_Metal_Steel_N.uasset" 931
"../../../Lift/Content/StarterContent/Materials/M_Metal_Steel.uasset" 932
"../../../Lift/Content/StarterContent/Textures/T_Rock_Basalt_N.uasset" 933
"../../../Lift/Content/StarterContent/Materials/M_Rock_Basalt.uasset" 934
"../../../Lift/Content/StarterContent/Materials/M_Rock_Marble_Polished.uasset" 935
"../../../Lift/Content/StarterContent/Textures/T_Rock_Sandstone_D.uasset" 936
"../../../Lift/Content/StarterContent/Textures/T_Rock_Sandstone_N.uasset" 937
"../../../Lift/Content/StarterContent/Materials/M_Rock_Sandstone.uasset" 938
"../../../Lift/Content/StarterContent/Textures/T_Rock_Slate_D.uasset" 939
"../../../Lift/Content/StarterContent/Textures/T_Rock_Slate_N.uasset" 940
"../../../Lift/Content/StarterContent/Materials/M_Rock_Slate.uasset" 941
"../../../Lift/Content/StarterContent/Textures/T_Checker_Noise_M.uasset" 942
"../../../Lift/Content/StarterContent/Textures/T_Single_Tile_N.uasset" 943
"../../../Lift/Content/StarterContent/Textures/T_Tech_Dot_M.uasset" 944
"../../../Lift/Content/StarterContent/Textures/T_Tech_Dot_N.uasset" 945
"../../../Lift/Content/StarterContent/Materials/M_Tech_Checker_Dot.uasset" 946
"../../../Lift/Content/StarterContent/Textures/T_Tech_Hex_Tile_M.uasset" 947
"../../../Lift/Content/StarterContent/Textures/T_Tech_Hex_Tile_N.uasset" 948
"../../../Lift/Content/StarterContent/Materials/M_Tech_Hex_Tile.uasset" 949
"../../../Lift/Content/StarterContent/Materials/M_Tech_Hex_Tile_Pulse.uasset" 950
"../../../Lift/Content/StarterContent/Textures/T_Tech_Panel_M.uasset" 951
"../../../Lift/Content/StarterContent/Textures/T_Tech_Panel_N.uasset" 952
"../../../Lift/Content/StarterContent/Materials/M_Tech_Panel.uasset" 953
"../../../Lift/Content/StarterContent/Materials/M_Water_Lake.uasset" 954
"../../../Lift/Content/StarterContent/Textures/T_Wood_Floor_Walnut_D.uasset" 955
"../../../Lift/Content/StarterContent/Textures/T_Wood_Floor_Walnut_M.uasset" 956
"../../../Lift/Content/StarterContent/Textures/T_Wood_Floor_Walnut_N.uasset" 957
"../../../Lift/Content/StarterContent/Materials/M_Wood_Floor_Walnut_Polished.uasset" 958
"../../../Engine/Content/Functions/Engine_MaterialFunctions01/Opacity/AlphaOffset.uasset" 959
"../../../Lift/Content/StarterContent/Materials/M_Wood_Floor_Walnut_Worn.uasset" 960
"../../../Lift/Content/StarterContent/Textures/T_Wood_Oak_D.uasset" 961
"../../../Lift/Content/StarterContent/Textures/T_Wood_Oak_N.uasset" 962
"../../../Lift/Content/StarterContent/Materials/M_Wood_Oak.uasset" 963
"../../../Lift/Content/StarterContent/Textures/T_Wood_Pine_D.uasset" 964
"../../../Lift/Content/StarterContent/Textures/T_Wood_Pine_N.uasset" 965
"../../../Lift/Content/StarterContent/Materials/M_Wood_Pine.uasset" 966
"../../../Lift/Content/StarterContent/Textures/T_Wood_Walnut_D.uasset" 967
"../../../Lift/Content/StarterContent/Textures/T_Wood_Walnut_N.uasset" 968
"../../../Lift/Content/StarterContent/Materials/M_Wood_Walnut.uasset" 969
"../../../Lift/Content/StarterContent/Architecture/Wall_400x200.uasset" 970
"../../../Lift/Content/StarterContent/Architecture/Wall_Door_400x300.uasset" 971
"../../../Lift/Content/StarterContent/Architecture/Wall_Window_400x300.uasset" 972
"../../../Lift/Content/StarterContent/Audio/Collapse_Cue.uasset" 973
"../../../Lift/Content/StarterContent/Audio/Starter_Music_Cue.uasset" 974
"../../../Lift/Content/StarterContent/Textures/T_Dust_Particle_D.uasset" 975
"../../../Lift/Content/StarterContent/Particles/Materials/M_Dust_Particle.uasset" 976
"../../../Lift/Content/StarterContent/Particles/P_Ambient_Dust.uasset" 977
"../../../Lift/Content/StarterContent/Textures/T_Frame_M.uasset" 978
"../../../Lift/Content/StarterContent/Textures/T_Frame_N.uasset" 979
"../../../Lift/Content/StarterContent/Props/Materials/M_Frame.uasset" 980
"../../../Lift/Content/StarterContent/Props/SM_CornerFrame.uasset" 981
"../../../Lift/Content/StarterContent/Props/SM_DoorFrame.uasset" 982
"../../../Lift/Content/StarterContent/Props/SM_GlassWindow.uasset" 983
"../../../Lift/Content/StarterContent/Props/SM_PillarFrame.uasset" 984
"../../../Lift/Content/StarterContent/Props/SM_PillarFrame300.uasset" 985
"../../../Lift/Content/StarterContent/Props/SM_WindowFrame.uasset" 986
"../../../Lift/Content/StarterContent/Shapes/Shape_Cube.uasset" 987
"../../../Lift/Content/StarterContent/Shapes/Shape_QuadPyramid.uasset" 988
"../../../Lift/Content/StarterContent/Shapes/Shape_Sphere.uasset" 989
"../../../Lift/Content/StarterContent/Maps/StarterMap.umap" 990
"../../../Lift/Content/ThirdPersonBP/Maps/ThirdPersonExampleMap_BuiltData.uasset" 991
"../../../Lift/Content/Geometry/Meshes/TemplateFloor.uasset" 992
"../../../Lift/Content/ThirdPerson/Meshes/RampMaterial.uasset" 993
"../../../Lift/Content/ThirdPerson/Meshes/Bump_StaticMesh.uasset" 994
"../../../Lift/Content/ThirdPerson/Meshes/LeftArm_StaticMesh.uasset" 995
"../../../Lift/Content/ThirdPerson/Meshes/Linear_Stair_StaticMesh.uasset" 996
"../../../Lift/Content/ThirdPerson/Meshes/Ramp_StaticMesh.uasset" 997
"../../../Lift/Content/ThirdPerson/Meshes/RightArm_StaticMesh.uasset" 998
"../../../Lift/Content/ThirdPersonBP/Maps/ThirdPersonExampleMap.umap" 999
"../../../Lift/Content/Tutorial/BoundingBox.uasset" 1000
"../../../Lift/Content/Tutorial/TutorialMap.umap" 1001
